<?xml version="1.0" encoding="UTF-8"?>
<testsuite name="com.CSVParserTest" tests="3" skipped="0" failures="0" errors="0" timestamp="2020-10-31T16:07:12" hostname="WIN-G1S3CJS4IR3" time="0.027">
  <properties/>
  <testcase name="testExtractWordFromLine" classname="com.CSVParserTest" time="0.026"/>
  <testcase name="testDeleteQuotesOfLine" classname="com.CSVParserTest" time="0.0"/>
  <testcase name="testDeleteDoubleQuotesInWord" classname="com.CSVParserTest" time="0.0"/>
  <system-out><![CDATA[]]></system-out>
  <system-err><![CDATA[]]></system-err>
</testsuite>
